2021-01-02 19:09:56.152  INFO 49300 --- [restartedMain] com.nt.Application                       : Starting Application using Java 14.0.2 on SARATE with PID 49300 (F:\WorkSpaces\Ashok\SpringBoot\04-User_Management-App_H2_DB\target\classes started by sarat in F:\WorkSpaces\Ashok\SpringBoot\04-User_Management-App_H2_DB)
2021-01-02 19:09:56.155  INFO 49300 --- [restartedMain] com.nt.Application                       : No active profile set, falling back to default profiles: default
2021-01-02 19:09:56.201  INFO 49300 --- [restartedMain] .e.DevToolsPropertyDefaultsPostProcessor : Devtools property defaults active! Set 'spring.devtools.add-properties' to 'false' to disable
2021-01-02 19:09:56.201  INFO 49300 --- [restartedMain] .e.DevToolsPropertyDefaultsPostProcessor : For additional web related logging consider setting the 'logging.level.web' property to 'DEBUG'
2021-01-02 19:09:56.759  INFO 49300 --- [restartedMain] .s.d.r.c.RepositoryConfigurationDelegate : Bootstrapping Spring Data JPA repositories in DEFAULT mode.
2021-01-02 19:09:56.811  INFO 49300 --- [restartedMain] .s.d.r.c.RepositoryConfigurationDelegate : Finished Spring Data repository scanning in 45 ms. Found 4 JPA repository interfaces.
2021-01-02 19:09:57.254  INFO 49300 --- [restartedMain] o.s.b.w.embedded.tomcat.TomcatWebServer  : Tomcat initialized with port(s): 8585 (http)
2021-01-02 19:09:57.261  INFO 49300 --- [restartedMain] o.apache.catalina.core.StandardService   : Starting service [Tomcat]
2021-01-02 19:09:57.262  INFO 49300 --- [restartedMain] org.apache.catalina.core.StandardEngine  : Starting Servlet engine: [Apache Tomcat/9.0.41]
2021-01-02 19:09:57.513  INFO 49300 --- [restartedMain] org.apache.jasper.servlet.TldScanner     : At least one JAR was scanned for TLDs yet contained no TLDs. Enable debug logging for this logger for a complete list of JARs that were scanned but no TLDs were found in them. Skipping unneeded JARs during scanning can improve startup time and JSP compilation time.
2021-01-02 19:09:57.522  INFO 49300 --- [restartedMain] o.a.c.c.C.[Tomcat].[localhost].[/User]   : Initializing Spring embedded WebApplicationContext
2021-01-02 19:09:57.523  INFO 49300 --- [restartedMain] w.s.c.ServletWebServerApplicationContext : Root WebApplicationContext: initialization completed in 1319 ms
2021-01-02 19:09:57.556  INFO 49300 --- [restartedMain] com.zaxxer.hikari.HikariDataSource       : HikariPool-1 - Starting...
2021-01-02 19:09:57.649  INFO 49300 --- [restartedMain] com.zaxxer.hikari.HikariDataSource       : HikariPool-1 - Start completed.
2021-01-02 19:09:57.654  INFO 49300 --- [restartedMain] o.s.b.a.h2.H2ConsoleAutoConfiguration    : H2 console available at '/h2-console'. Database available at 'jdbc:h2:mem:testdb'
2021-01-02 19:09:57.783  INFO 49300 --- [restartedMain] o.hibernate.jpa.internal.util.LogHelper  : HHH000204: Processing PersistenceUnitInfo [name: default]
2021-01-02 19:09:57.831  INFO 49300 --- [restartedMain] org.hibernate.Version                    : HHH000412: Hibernate ORM core version 5.4.25.Final
2021-01-02 19:09:57.938  INFO 49300 --- [restartedMain] o.hibernate.annotations.common.Version   : HCANN000001: Hibernate Commons Annotations {5.1.2.Final}
2021-01-02 19:09:58.046  INFO 49300 --- [restartedMain] org.hibernate.dialect.Dialect            : HHH000400: Using dialect: org.hibernate.dialect.H2Dialect
2021-01-02 19:09:58.459  INFO 49300 --- [restartedMain] o.h.e.t.j.p.i.JtaPlatformInitiator       : HHH000490: Using JtaPlatform implementation: [org.hibernate.engine.transaction.jta.platform.internal.NoJtaPlatform]
2021-01-02 19:09:58.468  INFO 49300 --- [restartedMain] j.LocalContainerEntityManagerFactoryBean : Initialized JPA EntityManagerFactory for persistence unit 'default'
2021-01-02 19:09:58.499  INFO 49300 --- [restartedMain] o.s.b.d.a.OptionalLiveReloadServer       : LiveReload server is running on port 35729
2021-01-02 19:09:58.825  INFO 49300 --- [restartedMain] org.apache.tiles.access.TilesAccess      : Publishing TilesContext for context: org.springframework.web.servlet.view.tiles3.SpringWildcardServletTilesApplicationContext
2021-01-02 19:09:58.864  WARN 49300 --- [restartedMain] JpaBaseConfiguration$JpaWebConfiguration : spring.jpa.open-in-view is enabled by default. Therefore, database queries may be performed during view rendering. Explicitly configure spring.jpa.open-in-view to disable this warning
2021-01-02 19:09:58.954  INFO 49300 --- [restartedMain] o.s.s.concurrent.ThreadPoolTaskExecutor  : Initializing ExecutorService 'applicationTaskExecutor'
2021-01-02 19:09:59.125  INFO 49300 --- [restartedMain] o.s.b.w.embedded.tomcat.TomcatWebServer  : Tomcat started on port(s): 8585 (http) with context path '/User'
2021-01-02 19:09:59.133  INFO 49300 --- [restartedMain] com.nt.Application                       : Started Application in 3.396 seconds (JVM running for 4.143)
2021-01-02 19:10:23.842  INFO 49300 --- [http-nio-8585-exec-1] o.a.c.c.C.[Tomcat].[localhost].[/User]   : Initializing Spring DispatcherServlet 'dispatcherServlet'
2021-01-02 19:10:23.843  INFO 49300 --- [http-nio-8585-exec-1] o.s.web.servlet.DispatcherServlet        : Initializing Servlet 'dispatcherServlet'
2021-01-02 19:10:23.845  INFO 49300 --- [http-nio-8585-exec-1] o.s.web.servlet.DispatcherServlet        : Completed initialization in 1 ms
2021-01-02 19:10:32.073  INFO 49300 --- [http-nio-8585-exec-4] com.nt.controller.UserController         : *** Registration Form Loaded Successfully *** 
2021-01-02 19:10:58.062  INFO 49300 --- [http-nio-8585-exec-1] com.nt.controller.UserController         : *** User Regisration Completed Successfully ***
2021-01-02 19:11:46.718  INFO 49300 --- [http-nio-8585-exec-1] c.nt.controller.UnlockAccountController  : *** UnlockAccForm Loaded Successfully ***
2021-01-02 19:12:38.209  INFO 49300 --- [http-nio-8585-exec-8] c.nt.controller.UnlockAccountController  : *** User Account Unlocked Form Loaded ***
2021-01-02 19:12:48.439  INFO 49300 --- [http-nio-8585-exec-3] com.nt.controller.UserController         : *** User Account Is Un-Locked Successfully ***
2021-01-02 19:13:11.212  INFO 49300 --- [RMI TCP Connection(7)-127.0.0.1] inMXBeanRegistrar$SpringApplicationAdmin : Application shutdown requested.
2021-01-02 19:13:11.247  INFO 49300 --- [RMI TCP Connection(7)-127.0.0.1] o.s.s.concurrent.ThreadPoolTaskExecutor  : Shutting down ExecutorService 'applicationTaskExecutor'
2021-01-02 19:13:11.247  INFO 49300 --- [RMI TCP Connection(7)-127.0.0.1] org.apache.tiles.access.TilesAccess      : Removing TilesContext for context: org.springframework.web.servlet.view.tiles3.SpringWildcardServletTilesApplicationContext
2021-01-02 19:13:11.248  INFO 49300 --- [RMI TCP Connection(7)-127.0.0.1] j.LocalContainerEntityManagerFactoryBean : Closing JPA EntityManagerFactory for persistence unit 'default'
2021-01-02 19:13:11.454  WARN 49300 --- [RMI TCP Connection(7)-127.0.0.1] o.s.b.f.support.DisposableBeanAdapter    : Invocation of destroy method failed on bean with name 'inMemoryDatabaseShutdownExecutor': org.h2.jdbc.JdbcSQLNonTransientConnectionException: Database is already closed (to disable automatic closing at VM shutdown, add ";DB_CLOSE_ON_EXIT=FALSE" to the db URL) [90121-200]
2021-01-02 19:13:11.455  INFO 49300 --- [RMI TCP Connection(7)-127.0.0.1] com.zaxxer.hikari.HikariDataSource       : HikariPool-1 - Shutdown initiated...
2021-01-02 19:13:11.509  INFO 49300 --- [RMI TCP Connection(7)-127.0.0.1] com.zaxxer.hikari.HikariDataSource       : HikariPool-1 - Shutdown completed.
