2021-01-12 19:31:37.747  INFO 20696 --- [restartedMain] com.nt.Application                       : Starting Application using Java 14.0.2 on SARATE with PID 20696 (F:\WorkSpaces\Ashok\SpringBoot\04-User_Management-App_H2_DB\target\classes started by sarat in F:\WorkSpaces\Ashok\SpringBoot\04-User_Management-App_H2_DB)
2021-01-12 19:31:37.751  INFO 20696 --- [restartedMain] com.nt.Application                       : No active profile set, falling back to default profiles: default
2021-01-12 19:31:37.795  INFO 20696 --- [restartedMain] .e.DevToolsPropertyDefaultsPostProcessor : Devtools property defaults active! Set 'spring.devtools.add-properties' to 'false' to disable
2021-01-12 19:31:37.795  INFO 20696 --- [restartedMain] .e.DevToolsPropertyDefaultsPostProcessor : For additional web related logging consider setting the 'logging.level.web' property to 'DEBUG'
2021-01-12 19:31:38.488  INFO 20696 --- [restartedMain] .s.d.r.c.RepositoryConfigurationDelegate : Bootstrapping Spring Data JPA repositories in DEFAULT mode.
2021-01-12 19:31:38.543  INFO 20696 --- [restartedMain] .s.d.r.c.RepositoryConfigurationDelegate : Finished Spring Data repository scanning in 47 ms. Found 4 JPA repository interfaces.
2021-01-12 19:31:39.025  INFO 20696 --- [restartedMain] o.s.b.w.embedded.tomcat.TomcatWebServer  : Tomcat initialized with port(s): 8585 (http)
2021-01-12 19:31:39.030  INFO 20696 --- [restartedMain] o.apache.catalina.core.StandardService   : Starting service [Tomcat]
2021-01-12 19:31:39.031  INFO 20696 --- [restartedMain] org.apache.catalina.core.StandardEngine  : Starting Servlet engine: [Apache Tomcat/9.0.41]
2021-01-12 19:31:39.402  INFO 20696 --- [restartedMain] org.apache.jasper.servlet.TldScanner     : At least one JAR was scanned for TLDs yet contained no TLDs. Enable debug logging for this logger for a complete list of JARs that were scanned but no TLDs were found in them. Skipping unneeded JARs during scanning can improve startup time and JSP compilation time.
2021-01-12 19:31:39.413  INFO 20696 --- [restartedMain] o.a.c.c.C.[Tomcat].[localhost].[/User]   : Initializing Spring embedded WebApplicationContext
2021-01-12 19:31:39.413  INFO 20696 --- [restartedMain] w.s.c.ServletWebServerApplicationContext : Root WebApplicationContext: initialization completed in 1616 ms
2021-01-12 19:31:39.444  INFO 20696 --- [restartedMain] com.zaxxer.hikari.HikariDataSource       : HikariPool-1 - Starting...
2021-01-12 19:31:39.540  INFO 20696 --- [restartedMain] com.zaxxer.hikari.HikariDataSource       : HikariPool-1 - Start completed.
2021-01-12 19:31:39.544  INFO 20696 --- [restartedMain] o.s.b.a.h2.H2ConsoleAutoConfiguration    : H2 console available at '/h2-console'. Database available at 'jdbc:h2:mem:testdb'
2021-01-12 19:31:39.673  INFO 20696 --- [restartedMain] o.hibernate.jpa.internal.util.LogHelper  : HHH000204: Processing PersistenceUnitInfo [name: default]
2021-01-12 19:31:39.727  INFO 20696 --- [restartedMain] org.hibernate.Version                    : HHH000412: Hibernate ORM core version 5.4.25.Final
2021-01-12 19:31:39.856  INFO 20696 --- [restartedMain] o.hibernate.annotations.common.Version   : HCANN000001: Hibernate Commons Annotations {5.1.2.Final}
2021-01-12 19:31:39.957  INFO 20696 --- [restartedMain] org.hibernate.dialect.Dialect            : HHH000400: Using dialect: org.hibernate.dialect.H2Dialect
2021-01-12 19:31:40.408  INFO 20696 --- [restartedMain] o.h.e.t.j.p.i.JtaPlatformInitiator       : HHH000490: Using JtaPlatform implementation: [org.hibernate.engine.transaction.jta.platform.internal.NoJtaPlatform]
2021-01-12 19:31:40.414  INFO 20696 --- [restartedMain] j.LocalContainerEntityManagerFactoryBean : Initialized JPA EntityManagerFactory for persistence unit 'default'
2021-01-12 19:31:40.439  INFO 20696 --- [restartedMain] o.s.b.d.a.OptionalLiveReloadServer       : LiveReload server is running on port 35729
2021-01-12 19:31:40.875  INFO 20696 --- [restartedMain] org.apache.tiles.access.TilesAccess      : Publishing TilesContext for context: org.springframework.web.servlet.view.tiles3.SpringWildcardServletTilesApplicationContext
2021-01-12 19:31:40.950  INFO 20696 --- [restartedMain] o.s.s.concurrent.ThreadPoolTaskExecutor  : Initializing ExecutorService 'clientInboundChannelExecutor'
2021-01-12 19:31:40.957  INFO 20696 --- [restartedMain] o.s.s.concurrent.ThreadPoolTaskExecutor  : Initializing ExecutorService 'clientOutboundChannelExecutor'
2021-01-12 19:31:40.967  INFO 20696 --- [restartedMain] o.s.s.c.ThreadPoolTaskScheduler          : Initializing ExecutorService 'messageBrokerTaskScheduler'
2021-01-12 19:31:41.004  INFO 20696 --- [restartedMain] o.s.s.concurrent.ThreadPoolTaskExecutor  : Initializing ExecutorService 'brokerChannelExecutor'
2021-01-12 19:31:41.082  WARN 20696 --- [restartedMain] JpaBaseConfiguration$JpaWebConfiguration : spring.jpa.open-in-view is enabled by default. Therefore, database queries may be performed during view rendering. Explicitly configure spring.jpa.open-in-view to disable this warning
2021-01-12 19:31:41.283  WARN 20696 --- [restartedMain] ion$DefaultTemplateResolverConfiguration : Cannot find template location: classpath:/templates/ (please add some templates or check your Thymeleaf configuration)
2021-01-12 19:31:41.377  INFO 20696 --- [restartedMain] o.s.b.w.embedded.tomcat.TomcatWebServer  : Tomcat started on port(s): 8585 (http) with context path '/User'
2021-01-12 19:31:41.378  INFO 20696 --- [restartedMain] o.s.m.s.b.SimpleBrokerMessageHandler     : Starting...
2021-01-12 19:31:41.378  INFO 20696 --- [restartedMain] o.s.m.s.b.SimpleBrokerMessageHandler     : BrokerAvailabilityEvent[available=true, SimpleBrokerMessageHandler [org.springframework.messaging.simp.broker.DefaultSubscriptionRegistry@67152ec]]
2021-01-12 19:31:41.379  INFO 20696 --- [restartedMain] o.s.m.s.b.SimpleBrokerMessageHandler     : Started.
2021-01-12 19:31:41.386  INFO 20696 --- [restartedMain] com.nt.Application                       : Started Application in 3.964 seconds (JVM running for 4.915)
2021-01-12 19:32:41.037  INFO 20696 --- [MessageBroker-1] o.s.w.s.c.WebSocketMessageBrokerStats    : WebSocketSession[0 current WS(0)-HttpStream(0)-HttpPoll(0), 0 total, 0 closed abnormally (0 connect failure, 0 send limit, 0 transport error)], stompSubProtocol[processed CONNECT(0)-CONNECTED(0)-DISCONNECT(0)], stompBrokerRelay[null], inboundChannel[pool size = 0, active threads = 0, queued tasks = 0, completed tasks = 0], outboundChannel[pool size = 0, active threads = 0, queued tasks = 0, completed tasks = 0], sockJsScheduler[pool size = 1, active threads = 1, queued tasks = 0, completed tasks = 0]
2021-01-12 19:33:41.219  INFO 20696 --- [http-nio-8585-exec-1] o.a.c.c.C.[Tomcat].[localhost].[/User]   : Initializing Spring DispatcherServlet 'dispatcherServlet'
2021-01-12 19:33:41.219  INFO 20696 --- [http-nio-8585-exec-1] o.s.web.servlet.DispatcherServlet        : Initializing Servlet 'dispatcherServlet'
2021-01-12 19:33:41.220  INFO 20696 --- [http-nio-8585-exec-1] o.s.web.servlet.DispatcherServlet        : Completed initialization in 1 ms
2021-01-12 19:33:41.480 ERROR 20696 --- [http-nio-8585-exec-1] org.thymeleaf.TemplateEngine             : [THYMELEAF][http-nio-8585-exec-1] Exception processing template "login": Error resolving template [login], template might not exist or might not be accessible by any of the configured Template Resolvers

org.thymeleaf.exceptions.TemplateInputException: Error resolving template [login], template might not exist or might not be accessible by any of the configured Template Resolvers
	at org.thymeleaf.engine.TemplateManager.resolveTemplate(TemplateManager.java:869)
	at org.thymeleaf.engine.TemplateManager.parseAndProcess(TemplateManager.java:607)
	at org.thymeleaf.TemplateEngine.process(TemplateEngine.java:1098)
	at org.thymeleaf.TemplateEngine.process(TemplateEngine.java:1072)
	at org.thymeleaf.spring5.view.ThymeleafView.renderFragment(ThymeleafView.java:362)
	at org.thymeleaf.spring5.view.ThymeleafView.render(ThymeleafView.java:189)
	at org.springframework.web.servlet.DispatcherServlet.render(DispatcherServlet.java:1394)
	at org.springframework.web.servlet.DispatcherServlet.processDispatchResult(DispatcherServlet.java:1139)
	at org.springframework.web.servlet.DispatcherServlet.doDispatch(DispatcherServlet.java:1078)
	at org.springframework.web.servlet.DispatcherServlet.doService(DispatcherServlet.java:961)
	at org.springframework.web.servlet.FrameworkServlet.processRequest(FrameworkServlet.java:1006)
	at org.springframework.web.servlet.FrameworkServlet.doGet(FrameworkServlet.java:898)
	at javax.servlet.http.HttpServlet.service(HttpServlet.java:626)
	at org.springframework.web.servlet.FrameworkServlet.service(FrameworkServlet.java:883)
	at javax.servlet.http.HttpServlet.service(HttpServlet.java:733)
	at org.apache.catalina.core.ApplicationFilterChain.internalDoFilter(ApplicationFilterChain.java:231)
	at org.apache.catalina.core.ApplicationFilterChain.doFilter(ApplicationFilterChain.java:166)
	at org.apache.tomcat.websocket.server.WsFilter.doFilter(WsFilter.java:53)
	at org.apache.catalina.core.ApplicationFilterChain.internalDoFilter(ApplicationFilterChain.java:193)
	at org.apache.catalina.core.ApplicationFilterChain.doFilter(ApplicationFilterChain.java:166)
	at org.springframework.web.filter.RequestContextFilter.doFilterInternal(RequestContextFilter.java:100)
	at org.springframework.web.filter.OncePerRequestFilter.doFilter(OncePerRequestFilter.java:119)
	at org.apache.catalina.core.ApplicationFilterChain.internalDoFilter(ApplicationFilterChain.java:193)
	at org.apache.catalina.core.ApplicationFilterChain.doFilter(ApplicationFilterChain.java:166)
	at org.springframework.web.filter.FormContentFilter.doFilterInternal(FormContentFilter.java:93)
	at org.springframework.web.filter.OncePerRequestFilter.doFilter(OncePerRequestFilter.java:119)
	at org.apache.catalina.core.ApplicationFilterChain.internalDoFilter(ApplicationFilterChain.java:193)
	at org.apache.catalina.core.ApplicationFilterChain.doFilter(ApplicationFilterChain.java:166)
	at org.springframework.web.filter.CharacterEncodingFilter.doFilterInternal(CharacterEncodingFilter.java:201)
	at org.springframework.web.filter.OncePerRequestFilter.doFilter(OncePerRequestFilter.java:119)
	at org.apache.catalina.core.ApplicationFilterChain.internalDoFilter(ApplicationFilterChain.java:193)
	at org.apache.catalina.core.ApplicationFilterChain.doFilter(ApplicationFilterChain.java:166)
	at org.apache.catalina.core.StandardWrapperValve.invoke(StandardWrapperValve.java:202)
	at org.apache.catalina.core.StandardContextValve.invoke(StandardContextValve.java:97)
	at org.apache.catalina.authenticator.AuthenticatorBase.invoke(AuthenticatorBase.java:542)
	at org.apache.catalina.core.StandardHostValve.invoke(StandardHostValve.java:143)
	at org.apache.catalina.valves.ErrorReportValve.invoke(ErrorReportValve.java:92)
	at org.apache.catalina.core.StandardEngineValve.invoke(StandardEngineValve.java:78)
	at org.apache.catalina.connector.CoyoteAdapter.service(CoyoteAdapter.java:343)
	at org.apache.coyote.http11.Http11Processor.service(Http11Processor.java:374)
	at org.apache.coyote.AbstractProcessorLight.process(AbstractProcessorLight.java:65)
	at org.apache.coyote.AbstractProtocol$ConnectionHandler.process(AbstractProtocol.java:888)
	at org.apache.tomcat.util.net.NioEndpoint$SocketProcessor.doRun(NioEndpoint.java:1597)
	at org.apache.tomcat.util.net.SocketProcessorBase.run(SocketProcessorBase.java:49)
	at java.base/java.util.concurrent.ThreadPoolExecutor.runWorker(ThreadPoolExecutor.java:1130)
	at java.base/java.util.concurrent.ThreadPoolExecutor$Worker.run(ThreadPoolExecutor.java:630)
	at org.apache.tomcat.util.threads.TaskThread$WrappingRunnable.run(TaskThread.java:61)
	at java.base/java.lang.Thread.run(Thread.java:832)

2021-01-12 19:33:41.483 ERROR 20696 --- [http-nio-8585-exec-1] o.a.c.c.C.[.[.[.[dispatcherServlet]      : Servlet.service() for servlet [dispatcherServlet] in context with path [/User] threw exception [Request processing failed; nested exception is org.thymeleaf.exceptions.TemplateInputException: Error resolving template [login], template might not exist or might not be accessible by any of the configured Template Resolvers] with root cause

org.thymeleaf.exceptions.TemplateInputException: Error resolving template [login], template might not exist or might not be accessible by any of the configured Template Resolvers
	at org.thymeleaf.engine.TemplateManager.resolveTemplate(TemplateManager.java:869)
	at org.thymeleaf.engine.TemplateManager.parseAndProcess(TemplateManager.java:607)
	at org.thymeleaf.TemplateEngine.process(TemplateEngine.java:1098)
	at org.thymeleaf.TemplateEngine.process(TemplateEngine.java:1072)
	at org.thymeleaf.spring5.view.ThymeleafView.renderFragment(ThymeleafView.java:362)
	at org.thymeleaf.spring5.view.ThymeleafView.render(ThymeleafView.java:189)
	at org.springframework.web.servlet.DispatcherServlet.render(DispatcherServlet.java:1394)
	at org.springframework.web.servlet.DispatcherServlet.processDispatchResult(DispatcherServlet.java:1139)
	at org.springframework.web.servlet.DispatcherServlet.doDispatch(DispatcherServlet.java:1078)
	at org.springframework.web.servlet.DispatcherServlet.doService(DispatcherServlet.java:961)
	at org.springframework.web.servlet.FrameworkServlet.processRequest(FrameworkServlet.java:1006)
	at org.springframework.web.servlet.FrameworkServlet.doGet(FrameworkServlet.java:898)
	at javax.servlet.http.HttpServlet.service(HttpServlet.java:626)
	at org.springframework.web.servlet.FrameworkServlet.service(FrameworkServlet.java:883)
	at javax.servlet.http.HttpServlet.service(HttpServlet.java:733)
	at org.apache.catalina.core.ApplicationFilterChain.internalDoFilter(ApplicationFilterChain.java:231)
	at org.apache.catalina.core.ApplicationFilterChain.doFilter(ApplicationFilterChain.java:166)
	at org.apache.tomcat.websocket.server.WsFilter.doFilter(WsFilter.java:53)
	at org.apache.catalina.core.ApplicationFilterChain.internalDoFilter(ApplicationFilterChain.java:193)
	at org.apache.catalina.core.ApplicationFilterChain.doFilter(ApplicationFilterChain.java:166)
	at org.springframework.web.filter.RequestContextFilter.doFilterInternal(RequestContextFilter.java:100)
	at org.springframework.web.filter.OncePerRequestFilter.doFilter(OncePerRequestFilter.java:119)
	at org.apache.catalina.core.ApplicationFilterChain.internalDoFilter(ApplicationFilterChain.java:193)
	at org.apache.catalina.core.ApplicationFilterChain.doFilter(ApplicationFilterChain.java:166)
	at org.springframework.web.filter.FormContentFilter.doFilterInternal(FormContentFilter.java:93)
	at org.springframework.web.filter.OncePerRequestFilter.doFilter(OncePerRequestFilter.java:119)
	at org.apache.catalina.core.ApplicationFilterChain.internalDoFilter(ApplicationFilterChain.java:193)
	at org.apache.catalina.core.ApplicationFilterChain.doFilter(ApplicationFilterChain.java:166)
	at org.springframework.web.filter.CharacterEncodingFilter.doFilterInternal(CharacterEncodingFilter.java:201)
	at org.springframework.web.filter.OncePerRequestFilter.doFilter(OncePerRequestFilter.java:119)
	at org.apache.catalina.core.ApplicationFilterChain.internalDoFilter(ApplicationFilterChain.java:193)
	at org.apache.catalina.core.ApplicationFilterChain.doFilter(ApplicationFilterChain.java:166)
	at org.apache.catalina.core.StandardWrapperValve.invoke(StandardWrapperValve.java:202)
	at org.apache.catalina.core.StandardContextValve.invoke(StandardContextValve.java:97)
	at org.apache.catalina.authenticator.AuthenticatorBase.invoke(AuthenticatorBase.java:542)
	at org.apache.catalina.core.StandardHostValve.invoke(StandardHostValve.java:143)
	at org.apache.catalina.valves.ErrorReportValve.invoke(ErrorReportValve.java:92)
	at org.apache.catalina.core.StandardEngineValve.invoke(StandardEngineValve.java:78)
	at org.apache.catalina.connector.CoyoteAdapter.service(CoyoteAdapter.java:343)
	at org.apache.coyote.http11.Http11Processor.service(Http11Processor.java:374)
	at org.apache.coyote.AbstractProcessorLight.process(AbstractProcessorLight.java:65)
	at org.apache.coyote.AbstractProtocol$ConnectionHandler.process(AbstractProtocol.java:888)
	at org.apache.tomcat.util.net.NioEndpoint$SocketProcessor.doRun(NioEndpoint.java:1597)
	at org.apache.tomcat.util.net.SocketProcessorBase.run(SocketProcessorBase.java:49)
	at java.base/java.util.concurrent.ThreadPoolExecutor.runWorker(ThreadPoolExecutor.java:1130)
	at java.base/java.util.concurrent.ThreadPoolExecutor$Worker.run(ThreadPoolExecutor.java:630)
	at org.apache.tomcat.util.threads.TaskThread$WrappingRunnable.run(TaskThread.java:61)
	at java.base/java.lang.Thread.run(Thread.java:832)

2021-01-12 19:34:42.885 ERROR 20696 --- [http-nio-8585-exec-4] org.thymeleaf.TemplateEngine             : [THYMELEAF][http-nio-8585-exec-4] Exception processing template "login": Error resolving template [login], template might not exist or might not be accessible by any of the configured Template Resolvers

org.thymeleaf.exceptions.TemplateInputException: Error resolving template [login], template might not exist or might not be accessible by any of the configured Template Resolvers
	at org.thymeleaf.engine.TemplateManager.resolveTemplate(TemplateManager.java:869)
	at org.thymeleaf.engine.TemplateManager.parseAndProcess(TemplateManager.java:607)
	at org.thymeleaf.TemplateEngine.process(TemplateEngine.java:1098)
	at org.thymeleaf.TemplateEngine.process(TemplateEngine.java:1072)
	at org.thymeleaf.spring5.view.ThymeleafView.renderFragment(ThymeleafView.java:362)
	at org.thymeleaf.spring5.view.ThymeleafView.render(ThymeleafView.java:189)
	at org.springframework.web.servlet.DispatcherServlet.render(DispatcherServlet.java:1394)
	at org.springframework.web.servlet.DispatcherServlet.processDispatchResult(DispatcherServlet.java:1139)
	at org.springframework.web.servlet.DispatcherServlet.doDispatch(DispatcherServlet.java:1078)
	at org.springframework.web.servlet.DispatcherServlet.doService(DispatcherServlet.java:961)
	at org.springframework.web.servlet.FrameworkServlet.processRequest(FrameworkServlet.java:1006)
	at org.springframework.web.servlet.FrameworkServlet.doGet(FrameworkServlet.java:898)
	at javax.servlet.http.HttpServlet.service(HttpServlet.java:626)
	at org.springframework.web.servlet.FrameworkServlet.service(FrameworkServlet.java:883)
	at javax.servlet.http.HttpServlet.service(HttpServlet.java:733)
	at org.apache.catalina.core.ApplicationFilterChain.internalDoFilter(ApplicationFilterChain.java:231)
	at org.apache.catalina.core.ApplicationFilterChain.doFilter(ApplicationFilterChain.java:166)
	at org.apache.tomcat.websocket.server.WsFilter.doFilter(WsFilter.java:53)
	at org.apache.catalina.core.ApplicationFilterChain.internalDoFilter(ApplicationFilterChain.java:193)
	at org.apache.catalina.core.ApplicationFilterChain.doFilter(ApplicationFilterChain.java:166)
	at org.springframework.web.filter.RequestContextFilter.doFilterInternal(RequestContextFilter.java:100)
	at org.springframework.web.filter.OncePerRequestFilter.doFilter(OncePerRequestFilter.java:119)
	at org.apache.catalina.core.ApplicationFilterChain.internalDoFilter(ApplicationFilterChain.java:193)
	at org.apache.catalina.core.ApplicationFilterChain.doFilter(ApplicationFilterChain.java:166)
	at org.springframework.web.filter.FormContentFilter.doFilterInternal(FormContentFilter.java:93)
	at org.springframework.web.filter.OncePerRequestFilter.doFilter(OncePerRequestFilter.java:119)
	at org.apache.catalina.core.ApplicationFilterChain.internalDoFilter(ApplicationFilterChain.java:193)
	at org.apache.catalina.core.ApplicationFilterChain.doFilter(ApplicationFilterChain.java:166)
	at org.springframework.web.filter.CharacterEncodingFilter.doFilterInternal(CharacterEncodingFilter.java:201)
	at org.springframework.web.filter.OncePerRequestFilter.doFilter(OncePerRequestFilter.java:119)
	at org.apache.catalina.core.ApplicationFilterChain.internalDoFilter(ApplicationFilterChain.java:193)
	at org.apache.catalina.core.ApplicationFilterChain.doFilter(ApplicationFilterChain.java:166)
	at org.apache.catalina.core.StandardWrapperValve.invoke(StandardWrapperValve.java:202)
	at org.apache.catalina.core.StandardContextValve.invoke(StandardContextValve.java:97)
	at org.apache.catalina.authenticator.AuthenticatorBase.invoke(AuthenticatorBase.java:542)
	at org.apache.catalina.core.StandardHostValve.invoke(StandardHostValve.java:143)
	at org.apache.catalina.valves.ErrorReportValve.invoke(ErrorReportValve.java:92)
	at org.apache.catalina.core.StandardEngineValve.invoke(StandardEngineValve.java:78)
	at org.apache.catalina.connector.CoyoteAdapter.service(CoyoteAdapter.java:343)
	at org.apache.coyote.http11.Http11Processor.service(Http11Processor.java:374)
	at org.apache.coyote.AbstractProcessorLight.process(AbstractProcessorLight.java:65)
	at org.apache.coyote.AbstractProtocol$ConnectionHandler.process(AbstractProtocol.java:888)
	at org.apache.tomcat.util.net.NioEndpoint$SocketProcessor.doRun(NioEndpoint.java:1597)
	at org.apache.tomcat.util.net.SocketProcessorBase.run(SocketProcessorBase.java:49)
	at java.base/java.util.concurrent.ThreadPoolExecutor.runWorker(ThreadPoolExecutor.java:1130)
	at java.base/java.util.concurrent.ThreadPoolExecutor$Worker.run(ThreadPoolExecutor.java:630)
	at org.apache.tomcat.util.threads.TaskThread$WrappingRunnable.run(TaskThread.java:61)
	at java.base/java.lang.Thread.run(Thread.java:832)

2021-01-12 19:34:42.887 ERROR 20696 --- [http-nio-8585-exec-4] o.a.c.c.C.[.[.[.[dispatcherServlet]      : Servlet.service() for servlet [dispatcherServlet] in context with path [/User] threw exception [Request processing failed; nested exception is org.thymeleaf.exceptions.TemplateInputException: Error resolving template [login], template might not exist or might not be accessible by any of the configured Template Resolvers] with root cause

org.thymeleaf.exceptions.TemplateInputException: Error resolving template [login], template might not exist or might not be accessible by any of the configured Template Resolvers
	at org.thymeleaf.engine.TemplateManager.resolveTemplate(TemplateManager.java:869)
	at org.thymeleaf.engine.TemplateManager.parseAndProcess(TemplateManager.java:607)
	at org.thymeleaf.TemplateEngine.process(TemplateEngine.java:1098)
	at org.thymeleaf.TemplateEngine.process(TemplateEngine.java:1072)
	at org.thymeleaf.spring5.view.ThymeleafView.renderFragment(ThymeleafView.java:362)
	at org.thymeleaf.spring5.view.ThymeleafView.render(ThymeleafView.java:189)
	at org.springframework.web.servlet.DispatcherServlet.render(DispatcherServlet.java:1394)
	at org.springframework.web.servlet.DispatcherServlet.processDispatchResult(DispatcherServlet.java:1139)
	at org.springframework.web.servlet.DispatcherServlet.doDispatch(DispatcherServlet.java:1078)
	at org.springframework.web.servlet.DispatcherServlet.doService(DispatcherServlet.java:961)
	at org.springframework.web.servlet.FrameworkServlet.processRequest(FrameworkServlet.java:1006)
	at org.springframework.web.servlet.FrameworkServlet.doGet(FrameworkServlet.java:898)
	at javax.servlet.http.HttpServlet.service(HttpServlet.java:626)
	at org.springframework.web.servlet.FrameworkServlet.service(FrameworkServlet.java:883)
	at javax.servlet.http.HttpServlet.service(HttpServlet.java:733)
	at org.apache.catalina.core.ApplicationFilterChain.internalDoFilter(ApplicationFilterChain.java:231)
	at org.apache.catalina.core.ApplicationFilterChain.doFilter(ApplicationFilterChain.java:166)
	at org.apache.tomcat.websocket.server.WsFilter.doFilter(WsFilter.java:53)
	at org.apache.catalina.core.ApplicationFilterChain.internalDoFilter(ApplicationFilterChain.java:193)
	at org.apache.catalina.core.ApplicationFilterChain.doFilter(ApplicationFilterChain.java:166)
	at org.springframework.web.filter.RequestContextFilter.doFilterInternal(RequestContextFilter.java:100)
	at org.springframework.web.filter.OncePerRequestFilter.doFilter(OncePerRequestFilter.java:119)
	at org.apache.catalina.core.ApplicationFilterChain.internalDoFilter(ApplicationFilterChain.java:193)
	at org.apache.catalina.core.ApplicationFilterChain.doFilter(ApplicationFilterChain.java:166)
	at org.springframework.web.filter.FormContentFilter.doFilterInternal(FormContentFilter.java:93)
	at org.springframework.web.filter.OncePerRequestFilter.doFilter(OncePerRequestFilter.java:119)
	at org.apache.catalina.core.ApplicationFilterChain.internalDoFilter(ApplicationFilterChain.java:193)
	at org.apache.catalina.core.ApplicationFilterChain.doFilter(ApplicationFilterChain.java:166)
	at org.springframework.web.filter.CharacterEncodingFilter.doFilterInternal(CharacterEncodingFilter.java:201)
	at org.springframework.web.filter.OncePerRequestFilter.doFilter(OncePerRequestFilter.java:119)
	at org.apache.catalina.core.ApplicationFilterChain.internalDoFilter(ApplicationFilterChain.java:193)
	at org.apache.catalina.core.ApplicationFilterChain.doFilter(ApplicationFilterChain.java:166)
	at org.apache.catalina.core.StandardWrapperValve.invoke(StandardWrapperValve.java:202)
	at org.apache.catalina.core.StandardContextValve.invoke(StandardContextValve.java:97)
	at org.apache.catalina.authenticator.AuthenticatorBase.invoke(AuthenticatorBase.java:542)
	at org.apache.catalina.core.StandardHostValve.invoke(StandardHostValve.java:143)
	at org.apache.catalina.valves.ErrorReportValve.invoke(ErrorReportValve.java:92)
	at org.apache.catalina.core.StandardEngineValve.invoke(StandardEngineValve.java:78)
	at org.apache.catalina.connector.CoyoteAdapter.service(CoyoteAdapter.java:343)
	at org.apache.coyote.http11.Http11Processor.service(Http11Processor.java:374)
	at org.apache.coyote.AbstractProcessorLight.process(AbstractProcessorLight.java:65)
	at org.apache.coyote.AbstractProtocol$ConnectionHandler.process(AbstractProtocol.java:888)
	at org.apache.tomcat.util.net.NioEndpoint$SocketProcessor.doRun(NioEndpoint.java:1597)
	at org.apache.tomcat.util.net.SocketProcessorBase.run(SocketProcessorBase.java:49)
	at java.base/java.util.concurrent.ThreadPoolExecutor.runWorker(ThreadPoolExecutor.java:1130)
	at java.base/java.util.concurrent.ThreadPoolExecutor$Worker.run(ThreadPoolExecutor.java:630)
	at org.apache.tomcat.util.threads.TaskThread$WrappingRunnable.run(TaskThread.java:61)
	at java.base/java.lang.Thread.run(Thread.java:832)

2021-01-12 19:35:53.782  INFO 20696 --- [Thread-5] o.s.m.s.b.SimpleBrokerMessageHandler     : Stopping...
2021-01-12 19:35:53.782  INFO 20696 --- [Thread-5] o.s.m.s.b.SimpleBrokerMessageHandler     : BrokerAvailabilityEvent[available=false, SimpleBrokerMessageHandler [org.springframework.messaging.simp.broker.DefaultSubscriptionRegistry@67152ec]]
2021-01-12 19:35:53.782  INFO 20696 --- [Thread-5] o.s.m.s.b.SimpleBrokerMessageHandler     : Stopped.
2021-01-12 19:35:53.809  INFO 20696 --- [Thread-5] o.s.s.concurrent.ThreadPoolTaskExecutor  : Shutting down ExecutorService 'brokerChannelExecutor'
2021-01-12 19:35:53.809  INFO 20696 --- [Thread-5] o.s.s.c.ThreadPoolTaskScheduler          : Shutting down ExecutorService 'messageBrokerTaskScheduler'
2021-01-12 19:35:53.810  INFO 20696 --- [Thread-5] o.s.s.concurrent.ThreadPoolTaskExecutor  : Shutting down ExecutorService 'clientOutboundChannelExecutor'
2021-01-12 19:35:53.810  INFO 20696 --- [Thread-5] o.s.s.concurrent.ThreadPoolTaskExecutor  : Shutting down ExecutorService 'clientInboundChannelExecutor'
2021-01-12 19:35:53.810  INFO 20696 --- [Thread-5] org.apache.tiles.access.TilesAccess      : Removing TilesContext for context: org.springframework.web.servlet.view.tiles3.SpringWildcardServletTilesApplicationContext
2021-01-12 19:35:53.811  INFO 20696 --- [Thread-5] j.LocalContainerEntityManagerFactoryBean : Closing JPA EntityManagerFactory for persistence unit 'default'
2021-01-12 19:35:54.025  WARN 20696 --- [Thread-5] o.s.b.f.support.DisposableBeanAdapter    : Invocation of destroy method failed on bean with name 'inMemoryDatabaseShutdownExecutor': org.h2.jdbc.JdbcSQLNonTransientConnectionException: Database is already closed (to disable automatic closing at VM shutdown, add ";DB_CLOSE_ON_EXIT=FALSE" to the db URL) [90121-200]
2021-01-12 19:35:54.025  INFO 20696 --- [Thread-5] com.zaxxer.hikari.HikariDataSource       : HikariPool-1 - Shutdown initiated...
2021-01-12 19:35:54.029  INFO 20696 --- [Thread-5] com.zaxxer.hikari.HikariDataSource       : HikariPool-1 - Shutdown completed.
2021-01-12 19:35:54.106  INFO 20696 --- [restartedMain] com.nt.Application                       : Starting Application using Java 14.0.2 on SARATE with PID 20696 (F:\WorkSpaces\Ashok\SpringBoot\04-User_Management-App_H2_DB\target\classes started by sarat in F:\WorkSpaces\Ashok\SpringBoot\04-User_Management-App_H2_DB)
2021-01-12 19:35:54.107  INFO 20696 --- [restartedMain] com.nt.Application                       : No active profile set, falling back to default profiles: default
2021-01-12 19:35:54.271  INFO 20696 --- [restartedMain] .s.d.r.c.RepositoryConfigurationDelegate : Bootstrapping Spring Data JPA repositories in DEFAULT mode.
2021-01-12 19:35:54.287  INFO 20696 --- [restartedMain] .s.d.r.c.RepositoryConfigurationDelegate : Finished Spring Data repository scanning in 15 ms. Found 4 JPA repository interfaces.
2021-01-12 19:35:54.375  INFO 20696 --- [restartedMain] o.s.b.w.embedded.tomcat.TomcatWebServer  : Tomcat initialized with port(s): 8585 (http)
2021-01-12 19:35:54.376  INFO 20696 --- [restartedMain] o.apache.catalina.core.StandardService   : Starting service [Tomcat]
2021-01-12 19:35:54.376  INFO 20696 --- [restartedMain] org.apache.catalina.core.StandardEngine  : Starting Servlet engine: [Apache Tomcat/9.0.41]
2021-01-12 19:35:54.469  INFO 20696 --- [restartedMain] org.apache.jasper.servlet.TldScanner     : At least one JAR was scanned for TLDs yet contained no TLDs. Enable debug logging for this logger for a complete list of JARs that were scanned but no TLDs were found in them. Skipping unneeded JARs during scanning can improve startup time and JSP compilation time.
2021-01-12 19:35:54.472  INFO 20696 --- [restartedMain] o.a.c.c.C.[Tomcat].[localhost].[/User]   : Initializing Spring embedded WebApplicationContext
2021-01-12 19:35:54.472  INFO 20696 --- [restartedMain] w.s.c.ServletWebServerApplicationContext : Root WebApplicationContext: initialization completed in 363 ms
2021-01-12 19:35:54.485  INFO 20696 --- [restartedMain] com.zaxxer.hikari.HikariDataSource       : HikariPool-2 - Starting...
2021-01-12 19:35:54.487  INFO 20696 --- [restartedMain] com.zaxxer.hikari.HikariDataSource       : HikariPool-2 - Start completed.
2021-01-12 19:35:54.487  INFO 20696 --- [restartedMain] o.s.b.a.h2.H2ConsoleAutoConfiguration    : H2 console available at '/h2-console'. Database available at 'jdbc:h2:mem:testdb'
2021-01-12 19:35:54.506  INFO 20696 --- [restartedMain] o.hibernate.jpa.internal.util.LogHelper  : HHH000204: Processing PersistenceUnitInfo [name: default]
2021-01-12 19:35:54.512  INFO 20696 --- [restartedMain] org.hibernate.dialect.Dialect            : HHH000400: Using dialect: org.hibernate.dialect.H2Dialect
2021-01-12 19:35:54.565  INFO 20696 --- [restartedMain] o.h.e.t.j.p.i.JtaPlatformInitiator       : HHH000490: Using JtaPlatform implementation: [org.hibernate.engine.transaction.jta.platform.internal.NoJtaPlatform]
2021-01-12 19:35:54.565  INFO 20696 --- [restartedMain] j.LocalContainerEntityManagerFactoryBean : Initialized JPA EntityManagerFactory for persistence unit 'default'
2021-01-12 19:35:54.573  INFO 20696 --- [restartedMain] o.s.b.d.a.OptionalLiveReloadServer       : LiveReload server is running on port 35729
2021-01-12 19:35:54.662  INFO 20696 --- [restartedMain] org.apache.tiles.access.TilesAccess      : Publishing TilesContext for context: org.springframework.web.servlet.view.tiles3.SpringWildcardServletTilesApplicationContext
2021-01-12 19:35:54.675  INFO 20696 --- [restartedMain] o.s.s.concurrent.ThreadPoolTaskExecutor  : Initializing ExecutorService 'clientInboundChannelExecutor'
2021-01-12 19:35:54.677  INFO 20696 --- [restartedMain] o.s.s.concurrent.ThreadPoolTaskExecutor  : Initializing ExecutorService 'clientOutboundChannelExecutor'
2021-01-12 19:35:54.678  INFO 20696 --- [restartedMain] o.s.s.c.ThreadPoolTaskScheduler          : Initializing ExecutorService 'messageBrokerTaskScheduler'
2021-01-12 19:35:54.682  INFO 20696 --- [restartedMain] o.s.s.concurrent.ThreadPoolTaskExecutor  : Initializing ExecutorService 'brokerChannelExecutor'
2021-01-12 19:35:54.691  WARN 20696 --- [restartedMain] JpaBaseConfiguration$JpaWebConfiguration : spring.jpa.open-in-view is enabled by default. Therefore, database queries may be performed during view rendering. Explicitly configure spring.jpa.open-in-view to disable this warning
2021-01-12 19:35:54.742  WARN 20696 --- [restartedMain] ion$DefaultTemplateResolverConfiguration : Cannot find template location: classpath:/templates/ (please add some templates or check your Thymeleaf configuration)
2021-01-12 19:35:54.775  INFO 20696 --- [restartedMain] o.s.b.w.embedded.tomcat.TomcatWebServer  : Tomcat started on port(s): 8585 (http) with context path '/User'
2021-01-12 19:35:54.775  INFO 20696 --- [restartedMain] o.s.m.s.b.SimpleBrokerMessageHandler     : Starting...
2021-01-12 19:35:54.776  INFO 20696 --- [restartedMain] o.s.m.s.b.SimpleBrokerMessageHandler     : BrokerAvailabilityEvent[available=true, SimpleBrokerMessageHandler [org.springframework.messaging.simp.broker.DefaultSubscriptionRegistry@496d2318]]
2021-01-12 19:35:54.776  INFO 20696 --- [restartedMain] o.s.m.s.b.SimpleBrokerMessageHandler     : Started.
2021-01-12 19:35:54.779  INFO 20696 --- [restartedMain] com.nt.Application                       : Started Application in 0.712 seconds (JVM running for 258.308)
2021-01-12 19:35:54.781  INFO 20696 --- [restartedMain] .ConditionEvaluationDeltaLoggingListener : Condition evaluation unchanged
2021-01-12 19:36:06.310  INFO 20696 --- [RMI TCP Connection(8)-127.0.0.1] inMXBeanRegistrar$SpringApplicationAdmin : Application shutdown requested.
2021-01-12 19:36:06.312  INFO 20696 --- [RMI TCP Connection(8)-127.0.0.1] o.s.m.s.b.SimpleBrokerMessageHandler     : Stopping...
2021-01-12 19:36:06.312  INFO 20696 --- [RMI TCP Connection(8)-127.0.0.1] o.s.m.s.b.SimpleBrokerMessageHandler     : BrokerAvailabilityEvent[available=false, SimpleBrokerMessageHandler [org.springframework.messaging.simp.broker.DefaultSubscriptionRegistry@496d2318]]
2021-01-12 19:36:06.312  INFO 20696 --- [RMI TCP Connection(8)-127.0.0.1] o.s.m.s.b.SimpleBrokerMessageHandler     : Stopped.
2021-01-12 19:36:06.339  INFO 20696 --- [RMI TCP Connection(8)-127.0.0.1] o.s.s.concurrent.ThreadPoolTaskExecutor  : Shutting down ExecutorService 'brokerChannelExecutor'
2021-01-12 19:36:06.339  INFO 20696 --- [RMI TCP Connection(8)-127.0.0.1] o.s.s.c.ThreadPoolTaskScheduler          : Shutting down ExecutorService 'messageBrokerTaskScheduler'
2021-01-12 19:36:06.340  INFO 20696 --- [RMI TCP Connection(8)-127.0.0.1] o.s.s.concurrent.ThreadPoolTaskExecutor  : Shutting down ExecutorService 'clientOutboundChannelExecutor'
2021-01-12 19:36:06.340  INFO 20696 --- [RMI TCP Connection(8)-127.0.0.1] o.s.s.concurrent.ThreadPoolTaskExecutor  : Shutting down ExecutorService 'clientInboundChannelExecutor'
2021-01-12 19:36:06.340  INFO 20696 --- [RMI TCP Connection(8)-127.0.0.1] org.apache.tiles.access.TilesAccess      : Removing TilesContext for context: org.springframework.web.servlet.view.tiles3.SpringWildcardServletTilesApplicationContext
2021-01-12 19:36:06.341  INFO 20696 --- [RMI TCP Connection(8)-127.0.0.1] j.LocalContainerEntityManagerFactoryBean : Closing JPA EntityManagerFactory for persistence unit 'default'
2021-01-12 19:36:06.548  WARN 20696 --- [RMI TCP Connection(8)-127.0.0.1] o.s.b.f.support.DisposableBeanAdapter    : Invocation of destroy method failed on bean with name 'inMemoryDatabaseShutdownExecutor': org.h2.jdbc.JdbcSQLNonTransientConnectionException: Database is already closed (to disable automatic closing at VM shutdown, add ";DB_CLOSE_ON_EXIT=FALSE" to the db URL) [90121-200]
2021-01-12 19:36:06.548  INFO 20696 --- [RMI TCP Connection(8)-127.0.0.1] com.zaxxer.hikari.HikariDataSource       : HikariPool-2 - Shutdown initiated...
2021-01-12 19:36:06.599  INFO 20696 --- [RMI TCP Connection(8)-127.0.0.1] com.zaxxer.hikari.HikariDataSource       : HikariPool-2 - Shutdown completed.
2021-01-12 19:36:33.011  INFO 21328 --- [restartedMain] com.nt.Application                       : Starting Application using Java 14.0.2 on SARATE with PID 21328 (F:\WorkSpaces\Ashok\SpringBoot\04-User_Management-App_H2_DB\target\classes started by sarat in F:\WorkSpaces\Ashok\SpringBoot\04-User_Management-App_H2_DB)
2021-01-12 19:36:33.013  INFO 21328 --- [restartedMain] com.nt.Application                       : No active profile set, falling back to default profiles: default
2021-01-12 19:36:33.059  INFO 21328 --- [restartedMain] .e.DevToolsPropertyDefaultsPostProcessor : Devtools property defaults active! Set 'spring.devtools.add-properties' to 'false' to disable
2021-01-12 19:36:33.059  INFO 21328 --- [restartedMain] .e.DevToolsPropertyDefaultsPostProcessor : For additional web related logging consider setting the 'logging.level.web' property to 'DEBUG'
2021-01-12 19:36:33.725  INFO 21328 --- [restartedMain] .s.d.r.c.RepositoryConfigurationDelegate : Bootstrapping Spring Data JPA repositories in DEFAULT mode.
2021-01-12 19:36:33.802  INFO 21328 --- [restartedMain] .s.d.r.c.RepositoryConfigurationDelegate : Finished Spring Data repository scanning in 67 ms. Found 4 JPA repository interfaces.
2021-01-12 19:36:34.233  INFO 21328 --- [restartedMain] o.s.b.w.embedded.tomcat.TomcatWebServer  : Tomcat initialized with port(s): 8585 (http)
2021-01-12 19:36:34.239  INFO 21328 --- [restartedMain] o.apache.catalina.core.StandardService   : Starting service [Tomcat]
2021-01-12 19:36:34.239  INFO 21328 --- [restartedMain] org.apache.catalina.core.StandardEngine  : Starting Servlet engine: [Apache Tomcat/9.0.41]
2021-01-12 19:36:34.487  INFO 21328 --- [restartedMain] org.apache.jasper.servlet.TldScanner     : At least one JAR was scanned for TLDs yet contained no TLDs. Enable debug logging for this logger for a complete list of JARs that were scanned but no TLDs were found in them. Skipping unneeded JARs during scanning can improve startup time and JSP compilation time.
2021-01-12 19:36:34.493  INFO 21328 --- [restartedMain] o.a.c.c.C.[Tomcat].[localhost].[/User]   : Initializing Spring embedded WebApplicationContext
2021-01-12 19:36:34.493  INFO 21328 --- [restartedMain] w.s.c.ServletWebServerApplicationContext : Root WebApplicationContext: initialization completed in 1433 ms
2021-01-12 19:36:34.526  INFO 21328 --- [restartedMain] com.zaxxer.hikari.HikariDataSource       : HikariPool-1 - Starting...
2021-01-12 19:36:34.612  INFO 21328 --- [restartedMain] com.zaxxer.hikari.HikariDataSource       : HikariPool-1 - Start completed.
2021-01-12 19:36:34.617  INFO 21328 --- [restartedMain] o.s.b.a.h2.H2ConsoleAutoConfiguration    : H2 console available at '/h2-console'. Database available at 'jdbc:h2:mem:testdb'
2021-01-12 19:36:34.735  INFO 21328 --- [restartedMain] o.hibernate.jpa.internal.util.LogHelper  : HHH000204: Processing PersistenceUnitInfo [name: default]
2021-01-12 19:36:34.768  INFO 21328 --- [restartedMain] org.hibernate.Version                    : HHH000412: Hibernate ORM core version 5.4.25.Final
2021-01-12 19:36:34.851  INFO 21328 --- [restartedMain] o.hibernate.annotations.common.Version   : HCANN000001: Hibernate Commons Annotations {5.1.2.Final}
2021-01-12 19:36:34.937  INFO 21328 --- [restartedMain] org.hibernate.dialect.Dialect            : HHH000400: Using dialect: org.hibernate.dialect.H2Dialect
2021-01-12 19:36:35.345  INFO 21328 --- [restartedMain] o.h.e.t.j.p.i.JtaPlatformInitiator       : HHH000490: Using JtaPlatform implementation: [org.hibernate.engine.transaction.jta.platform.internal.NoJtaPlatform]
2021-01-12 19:36:35.351  INFO 21328 --- [restartedMain] j.LocalContainerEntityManagerFactoryBean : Initialized JPA EntityManagerFactory for persistence unit 'default'
2021-01-12 19:36:35.378  INFO 21328 --- [restartedMain] o.s.b.d.a.OptionalLiveReloadServer       : LiveReload server is running on port 35729
2021-01-12 19:36:35.697  INFO 21328 --- [restartedMain] org.apache.tiles.access.TilesAccess      : Publishing TilesContext for context: org.springframework.web.servlet.view.tiles3.SpringWildcardServletTilesApplicationContext
2021-01-12 19:36:35.747  INFO 21328 --- [restartedMain] o.s.s.concurrent.ThreadPoolTaskExecutor  : Initializing ExecutorService 'clientInboundChannelExecutor'
2021-01-12 19:36:35.752  INFO 21328 --- [restartedMain] o.s.s.concurrent.ThreadPoolTaskExecutor  : Initializing ExecutorService 'clientOutboundChannelExecutor'
2021-01-12 19:36:35.760  INFO 21328 --- [restartedMain] o.s.s.c.ThreadPoolTaskScheduler          : Initializing ExecutorService 'messageBrokerTaskScheduler'
2021-01-12 19:36:35.791  INFO 21328 --- [restartedMain] o.s.s.concurrent.ThreadPoolTaskExecutor  : Initializing ExecutorService 'brokerChannelExecutor'
2021-01-12 19:36:35.839  WARN 21328 --- [restartedMain] JpaBaseConfiguration$JpaWebConfiguration : spring.jpa.open-in-view is enabled by default. Therefore, database queries may be performed during view rendering. Explicitly configure spring.jpa.open-in-view to disable this warning
2021-01-12 19:36:36.100  INFO 21328 --- [restartedMain] o.s.b.w.embedded.tomcat.TomcatWebServer  : Tomcat started on port(s): 8585 (http) with context path '/User'
2021-01-12 19:36:36.102  INFO 21328 --- [restartedMain] o.s.m.s.b.SimpleBrokerMessageHandler     : Starting...
2021-01-12 19:36:36.102  INFO 21328 --- [restartedMain] o.s.m.s.b.SimpleBrokerMessageHandler     : BrokerAvailabilityEvent[available=true, SimpleBrokerMessageHandler [org.springframework.messaging.simp.broker.DefaultSubscriptionRegistry@6ae44f20]]
2021-01-12 19:36:36.103  INFO 21328 --- [restartedMain] o.s.m.s.b.SimpleBrokerMessageHandler     : Started.
2021-01-12 19:36:36.111  INFO 21328 --- [restartedMain] com.nt.Application                       : Started Application in 3.39 seconds (JVM running for 4.163)
2021-01-12 19:37:22.637  INFO 21328 --- [http-nio-8585-exec-1] o.a.c.c.C.[Tomcat].[localhost].[/User]   : Initializing Spring DispatcherServlet 'dispatcherServlet'
2021-01-12 19:37:22.637  INFO 21328 --- [http-nio-8585-exec-1] o.s.web.servlet.DispatcherServlet        : Initializing Servlet 'dispatcherServlet'
2021-01-12 19:37:22.639  INFO 21328 --- [http-nio-8585-exec-1] o.s.web.servlet.DispatcherServlet        : Completed initialization in 1 ms
2021-01-12 19:37:35.814  INFO 21328 --- [MessageBroker-1] o.s.w.s.c.WebSocketMessageBrokerStats    : WebSocketSession[0 current WS(0)-HttpStream(0)-HttpPoll(0), 0 total, 0 closed abnormally (0 connect failure, 0 send limit, 0 transport error)], stompSubProtocol[processed CONNECT(0)-CONNECTED(0)-DISCONNECT(0)], stompBrokerRelay[null], inboundChannel[pool size = 0, active threads = 0, queued tasks = 0, completed tasks = 0], outboundChannel[pool size = 0, active threads = 0, queued tasks = 0, completed tasks = 0], sockJsScheduler[pool size = 1, active threads = 1, queued tasks = 0, completed tasks = 0]
2021-01-12 19:38:00.066  INFO 21328 --- [http-nio-8585-exec-3] com.nt.controller.UserController         : *** Registration Form Loaded Successfully *** 
2021-01-12 19:39:10.358  INFO 21328 --- [http-nio-8585-exec-2] com.nt.controller.UserController         : *** User Regisration Completed Successfully ***
2021-01-12 19:40:07.279  INFO 21328 --- [http-nio-8585-exec-5] c.nt.controller.UnlockAccountController  : *** UnlockAccForm Loaded Successfully ***
2021-01-12 19:40:32.971  INFO 21328 --- [http-nio-8585-exec-8] c.nt.controller.UnlockAccountController  : *** User Account Unlocked Form Loaded ***
2021-01-12 19:40:47.017  INFO 21328 --- [http-nio-8585-exec-3] com.nt.controller.UserController         : *** User Account Is Un-Locked Successfully ***
2021-01-12 19:41:34.214  INFO 21328 --- [http-nio-8585-exec-5] com.nt.controller.UserController         : *** Registration Form Loaded Successfully *** 
2021-01-12 19:41:40.401  INFO 21328 --- [http-nio-8585-exec-4] com.nt.controller.UserController         : *** Registration Form Loaded Successfully *** 
2021-01-12 19:42:03.526  INFO 21328 --- [http-nio-8585-exec-10] com.nt.controller.UserController         : *** Registration Form Loaded Successfully *** 
2021-01-12 19:42:20.571  WARN 21328 --- [http-nio-8585-exec-7] .w.s.m.s.DefaultHandlerExceptionResolver : Resolved [org.springframework.validation.BindException: org.springframework.validation.BeanPropertyBindingResult: 1 errors
Field error in object 'userFrm' on field 'dob': rejected value []; codes [typeMismatch.userFrm.dob,typeMismatch.dob,typeMismatch.java.util.Date,typeMismatch]; arguments [org.springframework.context.support.DefaultMessageSourceResolvable: codes [userFrm.dob,dob]; arguments []; default message [dob]]; default message [Failed to convert property value of type 'java.lang.String' to required type 'java.util.Date' for property 'dob'; nested exception is org.springframework.core.convert.ConversionFailedException: Failed to convert from type [java.lang.String] to type [java.util.Date] for value ''; nested exception is java.lang.IllegalArgumentException]]
2021-01-12 19:44:07.462  INFO 21328 --- [http-nio-8585-exec-10] com.nt.controller.UserController         : *** User Regisration Completed Successfully ***
2021-01-12 19:44:10.842  INFO 21328 --- [http-nio-8585-exec-1] com.nt.controller.UserController         : *** User Regisration Completed Successfully ***
2021-01-12 19:45:29.821  INFO 21328 --- [http-nio-8585-exec-2] com.nt.controller.UserController         : *** Registration Form Loaded Successfully *** 
2021-01-12 19:46:22.359  INFO 21328 --- [http-nio-8585-exec-4] com.nt.controller.UserController         : *** User Regisration Completed Successfully ***
2021-01-12 19:48:28.039  INFO 21328 --- [http-nio-8585-exec-1] com.nt.controller.UserController         : *** Registration Form Loaded Successfully *** 
2021-01-12 19:49:31.479  INFO 21328 --- [http-nio-8585-exec-10] com.nt.controller.UserController         : *** User Regisration Completed Successfully ***
2021-01-12 20:04:26.463  INFO 21328 --- [RMI TCP Connection(31)-127.0.0.1] inMXBeanRegistrar$SpringApplicationAdmin : Application shutdown requested.
2021-01-12 20:04:26.471  INFO 21328 --- [RMI TCP Connection(31)-127.0.0.1] o.s.m.s.b.SimpleBrokerMessageHandler     : Stopping...
2021-01-12 20:04:26.471  INFO 21328 --- [RMI TCP Connection(31)-127.0.0.1] o.s.m.s.b.SimpleBrokerMessageHandler     : BrokerAvailabilityEvent[available=false, SimpleBrokerMessageHandler [org.springframework.messaging.simp.broker.DefaultSubscriptionRegistry@6ae44f20]]
2021-01-12 20:04:26.472  INFO 21328 --- [RMI TCP Connection(31)-127.0.0.1] o.s.m.s.b.SimpleBrokerMessageHandler     : Stopped.
2021-01-12 20:04:26.560  INFO 21328 --- [RMI TCP Connection(31)-127.0.0.1] o.s.s.concurrent.ThreadPoolTaskExecutor  : Shutting down ExecutorService 'brokerChannelExecutor'
2021-01-12 20:04:26.561  INFO 21328 --- [RMI TCP Connection(31)-127.0.0.1] o.s.s.c.ThreadPoolTaskScheduler          : Shutting down ExecutorService 'messageBrokerTaskScheduler'
2021-01-12 20:04:26.562  INFO 21328 --- [RMI TCP Connection(31)-127.0.0.1] o.s.s.concurrent.ThreadPoolTaskExecutor  : Shutting down ExecutorService 'clientOutboundChannelExecutor'
2021-01-12 20:04:26.564  INFO 21328 --- [RMI TCP Connection(31)-127.0.0.1] o.s.s.concurrent.ThreadPoolTaskExecutor  : Shutting down ExecutorService 'clientInboundChannelExecutor'
2021-01-12 20:04:26.565  INFO 21328 --- [RMI TCP Connection(31)-127.0.0.1] org.apache.tiles.access.TilesAccess      : Removing TilesContext for context: org.springframework.web.servlet.view.tiles3.SpringWildcardServletTilesApplicationContext
2021-01-12 20:04:26.569  INFO 21328 --- [RMI TCP Connection(31)-127.0.0.1] j.LocalContainerEntityManagerFactoryBean : Closing JPA EntityManagerFactory for persistence unit 'default'
2021-01-12 20:04:26.609 ERROR 21328 --- [HikariPool-1 connection adder] com.zaxxer.hikari.pool.HikariPool        : HikariPool-1 - Error thrown while acquiring connection from data source

org.h2.jdbc.JdbcSQLNonTransientConnectionException: The database is open in exclusive mode; can not open additional connections [90135-200]
	at org.h2.message.DbException.getJdbcSQLException(DbException.java:622)
	at org.h2.message.DbException.getJdbcSQLException(DbException.java:429)
	at org.h2.message.DbException.get(DbException.java:205)
	at org.h2.message.DbException.get(DbException.java:181)
	at org.h2.message.DbException.get(DbException.java:170)
	at org.h2.engine.Session.checkSuspended(Session.java:1369)
	at org.h2.engine.Session.transitionToState(Session.java:1361)
	at org.h2.engine.Session.waitIfExclusiveModeEnabled(Session.java:1633)
	at org.h2.command.Command.executeQuery(Command.java:186)
	at org.h2.jdbc.JdbcConnection.isReadOnly(JdbcConnection.java:631)
	at com.zaxxer.hikari.pool.PoolBase.setupConnection(PoolBase.java:402)
	at com.zaxxer.hikari.pool.PoolBase.newConnection(PoolBase.java:363)
	at com.zaxxer.hikari.pool.PoolBase.newPoolEntry(PoolBase.java:206)
	at com.zaxxer.hikari.pool.HikariPool.createPoolEntry(HikariPool.java:477)
	at com.zaxxer.hikari.pool.HikariPool.access$100(HikariPool.java:71)
	at com.zaxxer.hikari.pool.HikariPool$PoolEntryCreator.call(HikariPool.java:725)
	at com.zaxxer.hikari.pool.HikariPool$PoolEntryCreator.call(HikariPool.java:711)
	at java.base/java.util.concurrent.FutureTask.run(FutureTask.java:264)
	at java.base/java.util.concurrent.ThreadPoolExecutor.runWorker(ThreadPoolExecutor.java:1130)
	at java.base/java.util.concurrent.ThreadPoolExecutor$Worker.run(ThreadPoolExecutor.java:630)
	at java.base/java.lang.Thread.run(Thread.java:832)

2021-01-12 20:04:26.801  WARN 21328 --- [RMI TCP Connection(31)-127.0.0.1] o.s.b.f.support.DisposableBeanAdapter    : Invocation of destroy method failed on bean with name 'inMemoryDatabaseShutdownExecutor': org.h2.jdbc.JdbcSQLNonTransientConnectionException: Database is already closed (to disable automatic closing at VM shutdown, add ";DB_CLOSE_ON_EXIT=FALSE" to the db URL) [90121-200]
2021-01-12 20:04:26.803  INFO 21328 --- [RMI TCP Connection(31)-127.0.0.1] com.zaxxer.hikari.HikariDataSource       : HikariPool-1 - Shutdown initiated...
2021-01-12 20:04:26.865  INFO 21328 --- [RMI TCP Connection(31)-127.0.0.1] com.zaxxer.hikari.HikariDataSource       : HikariPool-1 - Shutdown completed.
2021-01-12 20:15:01.153  INFO 27128 --- [restartedMain] com.nt.Application                       : Starting Application using Java 14.0.2 on SARATE with PID 27128 (F:\WorkSpaces\Ashok\SpringBoot\04-User_Management-App_H2_DB\target\classes started by sarat in F:\WorkSpaces\Ashok\SpringBoot\04-User_Management-App_H2_DB)
2021-01-12 20:15:01.157  INFO 27128 --- [restartedMain] com.nt.Application                       : No active profile set, falling back to default profiles: default
2021-01-12 20:15:01.215  INFO 27128 --- [restartedMain] .e.DevToolsPropertyDefaultsPostProcessor : Devtools property defaults active! Set 'spring.devtools.add-properties' to 'false' to disable
2021-01-12 20:15:01.216  INFO 27128 --- [restartedMain] .e.DevToolsPropertyDefaultsPostProcessor : For additional web related logging consider setting the 'logging.level.web' property to 'DEBUG'
2021-01-12 20:15:02.425  INFO 27128 --- [restartedMain] .s.d.r.c.RepositoryConfigurationDelegate : Bootstrapping Spring Data JPA repositories in DEFAULT mode.
2021-01-12 20:15:02.538  INFO 27128 --- [restartedMain] .s.d.r.c.RepositoryConfigurationDelegate : Finished Spring Data repository scanning in 101 ms. Found 4 JPA repository interfaces.
2021-01-12 20:15:03.384  INFO 27128 --- [restartedMain] o.s.b.w.embedded.tomcat.TomcatWebServer  : Tomcat initialized with port(s): 8585 (http)
2021-01-12 20:15:03.394  INFO 27128 --- [restartedMain] o.apache.catalina.core.StandardService   : Starting service [Tomcat]
2021-01-12 20:15:03.395  INFO 27128 --- [restartedMain] org.apache.catalina.core.StandardEngine  : Starting Servlet engine: [Apache Tomcat/9.0.41]
2021-01-12 20:15:03.769  INFO 27128 --- [restartedMain] org.apache.jasper.servlet.TldScanner     : At least one JAR was scanned for TLDs yet contained no TLDs. Enable debug logging for this logger for a complete list of JARs that were scanned but no TLDs were found in them. Skipping unneeded JARs during scanning can improve startup time and JSP compilation time.
2021-01-12 20:15:03.782  INFO 27128 --- [restartedMain] o.a.c.c.C.[Tomcat].[localhost].[/User]   : Initializing Spring embedded WebApplicationContext
2021-01-12 20:15:03.786  INFO 27128 --- [restartedMain] w.s.c.ServletWebServerApplicationContext : Root WebApplicationContext: initialization completed in 2568 ms
2021-01-12 20:15:03.864  INFO 27128 --- [restartedMain] com.zaxxer.hikari.HikariDataSource       : HikariPool-1 - Starting...
2021-01-12 20:15:04.010  INFO 27128 --- [restartedMain] com.zaxxer.hikari.HikariDataSource       : HikariPool-1 - Start completed.
2021-01-12 20:15:04.017  INFO 27128 --- [restartedMain] o.s.b.a.h2.H2ConsoleAutoConfiguration    : H2 console available at '/h2-console'. Database available at 'jdbc:h2:mem:testdb'
2021-01-12 20:15:04.210  INFO 27128 --- [restartedMain] o.hibernate.jpa.internal.util.LogHelper  : HHH000204: Processing PersistenceUnitInfo [name: default]
2021-01-12 20:15:04.269  INFO 27128 --- [restartedMain] org.hibernate.Version                    : HHH000412: Hibernate ORM core version 5.4.25.Final
2021-01-12 20:15:04.417  INFO 27128 --- [restartedMain] o.hibernate.annotations.common.Version   : HCANN000001: Hibernate Commons Annotations {5.1.2.Final}
2021-01-12 20:15:04.572  INFO 27128 --- [restartedMain] org.hibernate.dialect.Dialect            : HHH000400: Using dialect: org.hibernate.dialect.H2Dialect
2021-01-12 20:15:05.341  INFO 27128 --- [restartedMain] o.h.e.t.j.p.i.JtaPlatformInitiator       : HHH000490: Using JtaPlatform implementation: [org.hibernate.engine.transaction.jta.platform.internal.NoJtaPlatform]
2021-01-12 20:15:05.350  INFO 27128 --- [restartedMain] j.LocalContainerEntityManagerFactoryBean : Initialized JPA EntityManagerFactory for persistence unit 'default'
2021-01-12 20:15:05.393  INFO 27128 --- [restartedMain] o.s.b.d.a.OptionalLiveReloadServer       : LiveReload server is running on port 35729
2021-01-12 20:15:05.997  INFO 27128 --- [restartedMain] org.apache.tiles.access.TilesAccess      : Publishing TilesContext for context: org.springframework.web.servlet.view.tiles3.SpringWildcardServletTilesApplicationContext
2021-01-12 20:15:06.110  INFO 27128 --- [restartedMain] o.s.s.concurrent.ThreadPoolTaskExecutor  : Initializing ExecutorService 'clientInboundChannelExecutor'
2021-01-12 20:15:06.120  INFO 27128 --- [restartedMain] o.s.s.concurrent.ThreadPoolTaskExecutor  : Initializing ExecutorService 'clientOutboundChannelExecutor'
2021-01-12 20:15:06.129  INFO 27128 --- [restartedMain] o.s.s.c.ThreadPoolTaskScheduler          : Initializing ExecutorService 'messageBrokerTaskScheduler'
2021-01-12 20:15:06.185  INFO 27128 --- [restartedMain] o.s.s.concurrent.ThreadPoolTaskExecutor  : Initializing ExecutorService 'brokerChannelExecutor'
2021-01-12 20:15:06.271  WARN 27128 --- [restartedMain] JpaBaseConfiguration$JpaWebConfiguration : spring.jpa.open-in-view is enabled by default. Therefore, database queries may be performed during view rendering. Explicitly configure spring.jpa.open-in-view to disable this warning
2021-01-12 20:15:06.776  INFO 27128 --- [restartedMain] o.s.b.w.embedded.tomcat.TomcatWebServer  : Tomcat started on port(s): 8585 (http) with context path '/User'
2021-01-12 20:15:06.778  INFO 27128 --- [restartedMain] o.s.m.s.b.SimpleBrokerMessageHandler     : Starting...
2021-01-12 20:15:06.778  INFO 27128 --- [restartedMain] o.s.m.s.b.SimpleBrokerMessageHandler     : BrokerAvailabilityEvent[available=true, SimpleBrokerMessageHandler [org.springframework.messaging.simp.broker.DefaultSubscriptionRegistry@181ba5d7]]
2021-01-12 20:15:06.778  INFO 27128 --- [restartedMain] o.s.m.s.b.SimpleBrokerMessageHandler     : Started.
2021-01-12 20:15:06.790  INFO 27128 --- [restartedMain] com.nt.Application                       : Started Application in 6.176 seconds (JVM running for 7.627)
2021-01-12 20:15:25.397  INFO 27128 --- [http-nio-8585-exec-1] o.a.c.c.C.[Tomcat].[localhost].[/User]   : Initializing Spring DispatcherServlet 'dispatcherServlet'
2021-01-12 20:15:25.398  INFO 27128 --- [http-nio-8585-exec-1] o.s.web.servlet.DispatcherServlet        : Initializing Servlet 'dispatcherServlet'
2021-01-12 20:15:25.402  INFO 27128 --- [http-nio-8585-exec-1] o.s.web.servlet.DispatcherServlet        : Completed initialization in 3 ms
2021-01-12 20:15:30.549  INFO 27128 --- [http-nio-8585-exec-3] com.nt.controller.UserController         : *** Registration Form Loaded Successfully *** 
2021-01-12 20:16:06.223  INFO 27128 --- [MessageBroker-1] o.s.w.s.c.WebSocketMessageBrokerStats    : WebSocketSession[0 current WS(0)-HttpStream(0)-HttpPoll(0), 0 total, 0 closed abnormally (0 connect failure, 0 send limit, 0 transport error)], stompSubProtocol[processed CONNECT(0)-CONNECTED(0)-DISCONNECT(0)], stompBrokerRelay[null], inboundChannel[pool size = 0, active threads = 0, queued tasks = 0, completed tasks = 0], outboundChannel[pool size = 0, active threads = 0, queued tasks = 0, completed tasks = 0], sockJsScheduler[pool size = 1, active threads = 1, queued tasks = 0, completed tasks = 0]
2021-01-12 20:16:09.509  INFO 27128 --- [http-nio-8585-exec-10] com.nt.controller.UserController         : *** User Regisration Completed Successfully ***
2021-01-12 20:19:31.743  INFO 27128 --- [http-nio-8585-exec-8] com.nt.controller.UserController         : *** Registration Form Loaded Successfully *** 
2021-01-12 20:20:08.602  INFO 27128 --- [http-nio-8585-exec-1] com.nt.controller.UserController         : *** User Regisration Completed Successfully ***
2021-01-12 20:21:32.580  INFO 27128 --- [http-nio-8585-exec-2] com.nt.controller.UserController         : *** Registration Form Loaded Successfully *** 
2021-01-12 20:22:25.147  INFO 27128 --- [http-nio-8585-exec-7] com.nt.controller.UserController         : *** User Regisration Completed Successfully ***
2021-01-12 20:25:09.359  INFO 27128 --- [Thread-5] o.s.m.s.b.SimpleBrokerMessageHandler     : Stopping...
2021-01-12 20:25:09.360  INFO 27128 --- [Thread-5] o.s.m.s.b.SimpleBrokerMessageHandler     : BrokerAvailabilityEvent[available=false, SimpleBrokerMessageHandler [org.springframework.messaging.simp.broker.DefaultSubscriptionRegistry@181ba5d7]]
2021-01-12 20:25:09.360  INFO 27128 --- [Thread-5] o.s.m.s.b.SimpleBrokerMessageHandler     : Stopped.
2021-01-12 20:25:09.442  INFO 27128 --- [Thread-5] o.s.s.concurrent.ThreadPoolTaskExecutor  : Shutting down ExecutorService 'brokerChannelExecutor'
2021-01-12 20:25:09.444  INFO 27128 --- [Thread-5] o.s.s.c.ThreadPoolTaskScheduler          : Shutting down ExecutorService 'messageBrokerTaskScheduler'
2021-01-12 20:25:09.445  INFO 27128 --- [Thread-5] o.s.s.concurrent.ThreadPoolTaskExecutor  : Shutting down ExecutorService 'clientOutboundChannelExecutor'
2021-01-12 20:25:09.446  INFO 27128 --- [Thread-5] o.s.s.concurrent.ThreadPoolTaskExecutor  : Shutting down ExecutorService 'clientInboundChannelExecutor'
2021-01-12 20:25:09.446  INFO 27128 --- [Thread-5] org.apache.tiles.access.TilesAccess      : Removing TilesContext for context: org.springframework.web.servlet.view.tiles3.SpringWildcardServletTilesApplicationContext
2021-01-12 20:25:09.450  INFO 27128 --- [Thread-5] j.LocalContainerEntityManagerFactoryBean : Closing JPA EntityManagerFactory for persistence unit 'default'
2021-01-12 20:25:09.669  WARN 27128 --- [Thread-5] o.s.b.f.support.DisposableBeanAdapter    : Invocation of destroy method failed on bean with name 'inMemoryDatabaseShutdownExecutor': org.h2.jdbc.JdbcSQLNonTransientConnectionException: Database is already closed (to disable automatic closing at VM shutdown, add ";DB_CLOSE_ON_EXIT=FALSE" to the db URL) [90121-200]
2021-01-12 20:25:09.671  INFO 27128 --- [Thread-5] com.zaxxer.hikari.HikariDataSource       : HikariPool-1 - Shutdown initiated...
2021-01-12 20:25:09.680  INFO 27128 --- [Thread-5] com.zaxxer.hikari.HikariDataSource       : HikariPool-1 - Shutdown completed.
2021-01-12 20:25:09.913  INFO 27128 --- [restartedMain] com.nt.Application                       : Starting Application using Java 14.0.2 on SARATE with PID 27128 (F:\WorkSpaces\Ashok\SpringBoot\04-User_Management-App_H2_DB\target\classes started by sarat in F:\WorkSpaces\Ashok\SpringBoot\04-User_Management-App_H2_DB)
2021-01-12 20:25:09.913  INFO 27128 --- [restartedMain] com.nt.Application                       : No active profile set, falling back to default profiles: default
2021-01-12 20:25:10.213  INFO 27128 --- [restartedMain] .s.d.r.c.RepositoryConfigurationDelegate : Bootstrapping Spring Data JPA repositories in DEFAULT mode.
2021-01-12 20:25:10.239  INFO 27128 --- [restartedMain] .s.d.r.c.RepositoryConfigurationDelegate : Finished Spring Data repository scanning in 24 ms. Found 4 JPA repository interfaces.
2021-01-12 20:25:10.428  INFO 27128 --- [restartedMain] o.s.b.w.embedded.tomcat.TomcatWebServer  : Tomcat initialized with port(s): 8585 (http)
2021-01-12 20:25:10.429  INFO 27128 --- [restartedMain] o.apache.catalina.core.StandardService   : Starting service [Tomcat]
2021-01-12 20:25:10.429  INFO 27128 --- [restartedMain] org.apache.catalina.core.StandardEngine  : Starting Servlet engine: [Apache Tomcat/9.0.41]
2021-01-12 20:25:10.608  INFO 27128 --- [restartedMain] org.apache.jasper.servlet.TldScanner     : At least one JAR was scanned for TLDs yet contained no TLDs. Enable debug logging for this logger for a complete list of JARs that were scanned but no TLDs were found in them. Skipping unneeded JARs during scanning can improve startup time and JSP compilation time.
2021-01-12 20:25:10.614  INFO 27128 --- [restartedMain] o.a.c.c.C.[Tomcat].[localhost].[/User]   : Initializing Spring embedded WebApplicationContext
2021-01-12 20:25:10.614  INFO 27128 --- [restartedMain] w.s.c.ServletWebServerApplicationContext : Root WebApplicationContext: initialization completed in 695 ms
2021-01-12 20:25:10.640  INFO 27128 --- [restartedMain] com.zaxxer.hikari.HikariDataSource       : HikariPool-2 - Starting...
2021-01-12 20:25:10.642  INFO 27128 --- [restartedMain] com.zaxxer.hikari.HikariDataSource       : HikariPool-2 - Start completed.
2021-01-12 20:25:10.643  INFO 27128 --- [restartedMain] o.s.b.a.h2.H2ConsoleAutoConfiguration    : H2 console available at '/h2-console'. Database available at 'jdbc:h2:mem:testdb'
2021-01-12 20:25:10.673  INFO 27128 --- [restartedMain] o.hibernate.jpa.internal.util.LogHelper  : HHH000204: Processing PersistenceUnitInfo [name: default]
2021-01-12 20:25:10.681  INFO 27128 --- [restartedMain] org.hibernate.dialect.Dialect            : HHH000400: Using dialect: org.hibernate.dialect.H2Dialect
2021-01-12 20:25:10.781  INFO 27128 --- [restartedMain] o.h.e.t.j.p.i.JtaPlatformInitiator       : HHH000490: Using JtaPlatform implementation: [org.hibernate.engine.transaction.jta.platform.internal.NoJtaPlatform]
2021-01-12 20:25:10.781  INFO 27128 --- [restartedMain] j.LocalContainerEntityManagerFactoryBean : Initialized JPA EntityManagerFactory for persistence unit 'default'
2021-01-12 20:25:10.799  INFO 27128 --- [restartedMain] o.s.b.d.a.OptionalLiveReloadServer       : LiveReload server is running on port 35729
2021-01-12 20:25:10.967  INFO 27128 --- [restartedMain] org.apache.tiles.access.TilesAccess      : Publishing TilesContext for context: org.springframework.web.servlet.view.tiles3.SpringWildcardServletTilesApplicationContext
2021-01-12 20:25:10.996  INFO 27128 --- [restartedMain] o.s.s.concurrent.ThreadPoolTaskExecutor  : Initializing ExecutorService 'clientInboundChannelExecutor'
2021-01-12 20:25:11.000  INFO 27128 --- [restartedMain] o.s.s.concurrent.ThreadPoolTaskExecutor  : Initializing ExecutorService 'clientOutboundChannelExecutor'
2021-01-12 20:25:11.003  INFO 27128 --- [restartedMain] o.s.s.c.ThreadPoolTaskScheduler          : Initializing ExecutorService 'messageBrokerTaskScheduler'
2021-01-12 20:25:11.013  INFO 27128 --- [restartedMain] o.s.s.concurrent.ThreadPoolTaskExecutor  : Initializing ExecutorService 'brokerChannelExecutor'
2021-01-12 20:25:11.039  WARN 27128 --- [restartedMain] JpaBaseConfiguration$JpaWebConfiguration : spring.jpa.open-in-view is enabled by default. Therefore, database queries may be performed during view rendering. Explicitly configure spring.jpa.open-in-view to disable this warning
2021-01-12 20:25:11.172  INFO 27128 --- [restartedMain] o.s.b.w.embedded.tomcat.TomcatWebServer  : Tomcat started on port(s): 8585 (http) with context path '/User'
2021-01-12 20:25:11.172  INFO 27128 --- [restartedMain] o.s.m.s.b.SimpleBrokerMessageHandler     : Starting...
2021-01-12 20:25:11.172  INFO 27128 --- [restartedMain] o.s.m.s.b.SimpleBrokerMessageHandler     : BrokerAvailabilityEvent[available=true, SimpleBrokerMessageHandler [org.springframework.messaging.simp.broker.DefaultSubscriptionRegistry@4c50144e]]
2021-01-12 20:25:11.173  INFO 27128 --- [restartedMain] o.s.m.s.b.SimpleBrokerMessageHandler     : Started.
2021-01-12 20:25:11.178  INFO 27128 --- [restartedMain] com.nt.Application                       : Started Application in 1.334 seconds (JVM running for 612.015)
2021-01-12 20:25:11.180  INFO 27128 --- [restartedMain] .ConditionEvaluationDeltaLoggingListener : Condition evaluation unchanged
2021-01-12 20:25:17.972  INFO 27128 --- [http-nio-8585-exec-1] o.a.c.c.C.[Tomcat].[localhost].[/User]   : Initializing Spring DispatcherServlet 'dispatcherServlet'
2021-01-12 20:25:17.974  INFO 27128 --- [http-nio-8585-exec-1] o.s.web.servlet.DispatcherServlet        : Initializing Servlet 'dispatcherServlet'
2021-01-12 20:25:17.981  INFO 27128 --- [http-nio-8585-exec-1] o.s.web.servlet.DispatcherServlet        : Completed initialization in 6 ms
2021-01-12 20:25:18.020  INFO 27128 --- [http-nio-8585-exec-1] com.nt.controller.UserController         : *** Registration Form Loaded Successfully *** 
2021-01-12 20:25:44.985  INFO 27128 --- [http-nio-8585-exec-8] com.nt.controller.UserController         : *** User Regisration Completed Successfully ***
2021-01-12 20:26:11.028  INFO 27128 --- [MessageBroker-1] o.s.w.s.c.WebSocketMessageBrokerStats    : WebSocketSession[0 current WS(0)-HttpStream(0)-HttpPoll(0), 0 total, 0 closed abnormally (0 connect failure, 0 send limit, 0 transport error)], stompSubProtocol[processed CONNECT(0)-CONNECTED(0)-DISCONNECT(0)], stompBrokerRelay[null], inboundChannel[pool size = 0, active threads = 0, queued tasks = 0, completed tasks = 0], outboundChannel[pool size = 0, active threads = 0, queued tasks = 0, completed tasks = 0], sockJsScheduler[pool size = 1, active threads = 1, queued tasks = 0, completed tasks = 0]
2021-01-12 20:26:28.825  INFO 27128 --- [http-nio-8585-exec-7] c.nt.controller.UnlockAccountController  : *** UnlockAccForm Loaded Successfully ***
2021-01-12 20:26:51.540  INFO 27128 --- [RMI TCP Connection(16)-127.0.0.1] inMXBeanRegistrar$SpringApplicationAdmin : Application shutdown requested.
2021-01-12 20:26:51.542  INFO 27128 --- [RMI TCP Connection(16)-127.0.0.1] o.s.m.s.b.SimpleBrokerMessageHandler     : Stopping...
2021-01-12 20:26:51.542  INFO 27128 --- [RMI TCP Connection(16)-127.0.0.1] o.s.m.s.b.SimpleBrokerMessageHandler     : BrokerAvailabilityEvent[available=false, SimpleBrokerMessageHandler [org.springframework.messaging.simp.broker.DefaultSubscriptionRegistry@4c50144e]]
2021-01-12 20:26:51.543  INFO 27128 --- [RMI TCP Connection(16)-127.0.0.1] o.s.m.s.b.SimpleBrokerMessageHandler     : Stopped.
2021-01-12 20:26:51.584  INFO 27128 --- [RMI TCP Connection(16)-127.0.0.1] o.s.s.concurrent.ThreadPoolTaskExecutor  : Shutting down ExecutorService 'brokerChannelExecutor'
2021-01-12 20:26:51.584  INFO 27128 --- [RMI TCP Connection(16)-127.0.0.1] o.s.s.c.ThreadPoolTaskScheduler          : Shutting down ExecutorService 'messageBrokerTaskScheduler'
2021-01-12 20:26:51.584  INFO 27128 --- [RMI TCP Connection(16)-127.0.0.1] o.s.s.concurrent.ThreadPoolTaskExecutor  : Shutting down ExecutorService 'clientOutboundChannelExecutor'
2021-01-12 20:26:51.585  INFO 27128 --- [RMI TCP Connection(16)-127.0.0.1] o.s.s.concurrent.ThreadPoolTaskExecutor  : Shutting down ExecutorService 'clientInboundChannelExecutor'
2021-01-12 20:26:51.585  INFO 27128 --- [RMI TCP Connection(16)-127.0.0.1] org.apache.tiles.access.TilesAccess      : Removing TilesContext for context: org.springframework.web.servlet.view.tiles3.SpringWildcardServletTilesApplicationContext
2021-01-12 20:26:51.587  INFO 27128 --- [RMI TCP Connection(16)-127.0.0.1] j.LocalContainerEntityManagerFactoryBean : Closing JPA EntityManagerFactory for persistence unit 'default'
2021-01-12 20:26:51.795  WARN 27128 --- [RMI TCP Connection(16)-127.0.0.1] o.s.b.f.support.DisposableBeanAdapter    : Invocation of destroy method failed on bean with name 'inMemoryDatabaseShutdownExecutor': org.h2.jdbc.JdbcSQLNonTransientConnectionException: Database is already closed (to disable automatic closing at VM shutdown, add ";DB_CLOSE_ON_EXIT=FALSE" to the db URL) [90121-200]
2021-01-12 20:26:51.797  INFO 27128 --- [RMI TCP Connection(16)-127.0.0.1] com.zaxxer.hikari.HikariDataSource       : HikariPool-2 - Shutdown initiated...
2021-01-12 20:26:51.846  INFO 27128 --- [RMI TCP Connection(16)-127.0.0.1] com.zaxxer.hikari.HikariDataSource       : HikariPool-2 - Shutdown completed.
